[2023-07-03 12:12:14,140] INFO     (org.hibernate.Version    ): HHH000412: Hibernate ORM core version 5.6.15.Final
[2023-07-03 12:12:14,846] INFO     (org.hibernate.annotations.common.Version): HCANN000001: Hibernate Commons Annotations {5.1.2.Final}
[2023-07-03 12:12:15,424] WARN     (org.hibernate.orm.connections.pooling): HHH10001002: Using Hibernate built-in connection pool (not for production use!)
[2023-07-03 12:12:15,434] INFO     (org.hibernate.orm.connections.pooling): HHH10001005: using driver [com.mysql.jdbc.Driver] at URL [jdbc:mysql://localhost:3306/bf2stats]
[2023-07-03 12:12:15,434] INFO     (org.hibernate.orm.connections.pooling): HHH10001001: Connection properties: {password=****, user=root}
[2023-07-03 12:12:15,435] INFO     (org.hibernate.orm.connections.pooling): HHH10001003: Autocommit mode: false
[2023-07-03 12:12:15,440] INFO     (org.hibernate.engine.jdbc.connections.internal.DriverManagerConnectionProviderImpl): HHH000115: Hibernate connection pool size: 1 (min=1)
[2023-07-03 12:12:15,752] INFO     (org.hibernate.dialect.Dialect): HHH000400: Using dialect: org.hibernate.dialect.MySQLDialect
[2023-07-03 12:12:16,199] INFO     (org.hibernate.validator.internal.util.Version): HV000001: Hibernate Validator 6.0.2.Final
[2023-07-03 12:12:17,804] INFO     (lp.fx.MainApp            ): Application starting
[2023-07-03 12:17:42,019] INFO     (org.hibernate.Version    ): HHH000412: Hibernate ORM core version 5.6.15.Final
[2023-07-03 12:17:42,997] INFO     (org.hibernate.annotations.common.Version): HCANN000001: Hibernate Commons Annotations {5.1.2.Final}
[2023-07-03 12:17:43,837] WARN     (org.hibernate.orm.connections.pooling): HHH10001002: Using Hibernate built-in connection pool (not for production use!)
[2023-07-03 12:17:43,858] INFO     (org.hibernate.orm.connections.pooling): HHH10001005: using driver [com.mysql.jdbc.Driver] at URL [jdbc:mysql://localhost:3306/bf2stats]
[2023-07-03 12:17:43,859] INFO     (org.hibernate.orm.connections.pooling): HHH10001001: Connection properties: {password=****, user=root}
[2023-07-03 12:17:43,859] INFO     (org.hibernate.orm.connections.pooling): HHH10001003: Autocommit mode: false
[2023-07-03 12:17:43,869] INFO     (org.hibernate.engine.jdbc.connections.internal.DriverManagerConnectionProviderImpl): HHH000115: Hibernate connection pool size: 1 (min=1)
[2023-07-03 12:17:44,348] INFO     (org.hibernate.dialect.Dialect): HHH000400: Using dialect: org.hibernate.dialect.MySQLDialect
[2023-07-03 12:17:45,102] INFO     (org.hibernate.validator.internal.util.Version): HV000001: Hibernate Validator 6.0.2.Final
[2023-07-03 12:17:47,522] INFO     (lp.fx.MainApp            ): Application starting
[2023-07-03 12:18:43,124] INFO     (org.hibernate.Version    ): HHH000412: Hibernate ORM core version 5.6.15.Final
[2023-07-03 12:18:44,025] INFO     (org.hibernate.annotations.common.Version): HCANN000001: Hibernate Commons Annotations {5.1.2.Final}
[2023-07-03 12:18:44,936] WARN     (org.hibernate.orm.connections.pooling): HHH10001002: Using Hibernate built-in connection pool (not for production use!)
[2023-07-03 12:18:44,952] INFO     (org.hibernate.orm.connections.pooling): HHH10001005: using driver [com.mysql.jdbc.Driver] at URL [jdbc:mysql://localhost:3306/bf2stats]
[2023-07-03 12:18:44,953] INFO     (org.hibernate.orm.connections.pooling): HHH10001001: Connection properties: {password=****, user=root}
[2023-07-03 12:18:44,953] INFO     (org.hibernate.orm.connections.pooling): HHH10001003: Autocommit mode: false
[2023-07-03 12:18:44,960] INFO     (org.hibernate.engine.jdbc.connections.internal.DriverManagerConnectionProviderImpl): HHH000115: Hibernate connection pool size: 1 (min=1)
[2023-07-03 12:18:45,461] INFO     (org.hibernate.dialect.Dialect): HHH000400: Using dialect: org.hibernate.dialect.MySQLDialect
[2023-07-03 12:18:46,295] INFO     (org.hibernate.validator.internal.util.Version): HV000001: Hibernate Validator 6.0.2.Final
[2023-07-03 12:18:48,705] INFO     (lp.fx.MainApp            ): Application starting
[2023-07-03 12:26:28,286] INFO     (org.hibernate.Version    ): HHH000412: Hibernate ORM core version 5.6.15.Final
[2023-07-03 12:26:29,031] INFO     (org.hibernate.annotations.common.Version): HCANN000001: Hibernate Commons Annotations {5.1.2.Final}
[2023-07-03 12:26:29,614] WARN     (org.hibernate.orm.connections.pooling): HHH10001002: Using Hibernate built-in connection pool (not for production use!)
[2023-07-03 12:26:29,621] INFO     (org.hibernate.orm.connections.pooling): HHH10001005: using driver [com.mysql.jdbc.Driver] at URL [jdbc:mysql://localhost:3306/bf2stats]
[2023-07-03 12:26:29,621] INFO     (org.hibernate.orm.connections.pooling): HHH10001001: Connection properties: {password=****, user=root}
[2023-07-03 12:26:29,621] INFO     (org.hibernate.orm.connections.pooling): HHH10001003: Autocommit mode: false
[2023-07-03 12:26:29,627] INFO     (org.hibernate.engine.jdbc.connections.internal.DriverManagerConnectionProviderImpl): HHH000115: Hibernate connection pool size: 1 (min=1)
[2023-07-03 12:26:29,945] INFO     (org.hibernate.dialect.Dialect): HHH000400: Using dialect: org.hibernate.dialect.MySQLDialect
[2023-07-03 12:26:30,805] INFO     (org.hibernate.validator.internal.util.Version): HV000001: Hibernate Validator 6.0.2.Final
[2023-07-03 12:26:33,993] INFO     (lp.fx.MainApp            ): Application starting
[2023-07-03 12:29:24,288] INFO     (org.hibernate.Version    ): HHH000412: Hibernate ORM core version 5.6.15.Final
[2023-07-03 12:29:25,178] INFO     (org.hibernate.annotations.common.Version): HCANN000001: Hibernate Commons Annotations {5.1.2.Final}
[2023-07-03 12:29:25,903] WARN     (org.hibernate.orm.connections.pooling): HHH10001002: Using Hibernate built-in connection pool (not for production use!)
[2023-07-03 12:29:25,917] INFO     (org.hibernate.orm.connections.pooling): HHH10001005: using driver [com.mysql.jdbc.Driver] at URL [jdbc:mysql://localhost:3306/bf2stats]
[2023-07-03 12:29:25,918] INFO     (org.hibernate.orm.connections.pooling): HHH10001001: Connection properties: {password=****, user=root}
[2023-07-03 12:29:25,918] INFO     (org.hibernate.orm.connections.pooling): HHH10001003: Autocommit mode: false
[2023-07-03 12:29:25,924] INFO     (org.hibernate.engine.jdbc.connections.internal.DriverManagerConnectionProviderImpl): HHH000115: Hibernate connection pool size: 1 (min=1)
[2023-07-03 12:29:26,332] INFO     (org.hibernate.dialect.Dialect): HHH000400: Using dialect: org.hibernate.dialect.MySQLDialect
[2023-07-03 12:29:26,955] INFO     (org.hibernate.validator.internal.util.Version): HV000001: Hibernate Validator 6.0.2.Final
[2023-07-03 12:29:28,995] INFO     (lp.fx.MainApp            ): Application starting
[2023-07-03 12:31:00,630] INFO     (org.hibernate.Version    ): HHH000412: Hibernate ORM core version 5.6.15.Final
[2023-07-03 12:31:01,517] INFO     (org.hibernate.annotations.common.Version): HCANN000001: Hibernate Commons Annotations {5.1.2.Final}
[2023-07-03 12:31:02,105] WARN     (org.hibernate.orm.connections.pooling): HHH10001002: Using Hibernate built-in connection pool (not for production use!)
[2023-07-03 12:31:02,114] INFO     (org.hibernate.orm.connections.pooling): HHH10001005: using driver [com.mysql.jdbc.Driver] at URL [jdbc:mysql://localhost:3306/bf2stats]
[2023-07-03 12:31:02,115] INFO     (org.hibernate.orm.connections.pooling): HHH10001001: Connection properties: {password=****, user=root}
[2023-07-03 12:31:02,115] INFO     (org.hibernate.orm.connections.pooling): HHH10001003: Autocommit mode: false
[2023-07-03 12:31:02,121] INFO     (org.hibernate.engine.jdbc.connections.internal.DriverManagerConnectionProviderImpl): HHH000115: Hibernate connection pool size: 1 (min=1)
[2023-07-03 12:31:02,412] INFO     (org.hibernate.dialect.Dialect): HHH000400: Using dialect: org.hibernate.dialect.MySQLDialect
[2023-07-03 12:31:02,921] INFO     (org.hibernate.validator.internal.util.Version): HV000001: Hibernate Validator 6.0.2.Final
[2023-07-03 12:31:04,673] INFO     (lp.fx.MainApp            ): Application starting
[2023-07-03 12:33:58,960] INFO     (org.hibernate.Version    ): HHH000412: Hibernate ORM core version 5.6.15.Final
[2023-07-03 12:33:59,844] INFO     (org.hibernate.annotations.common.Version): HCANN000001: Hibernate Commons Annotations {5.1.2.Final}
[2023-07-03 12:34:00,457] WARN     (org.hibernate.orm.connections.pooling): HHH10001002: Using Hibernate built-in connection pool (not for production use!)
[2023-07-03 12:34:00,464] INFO     (org.hibernate.orm.connections.pooling): HHH10001005: using driver [com.mysql.jdbc.Driver] at URL [jdbc:mysql://localhost:3306/bf2stats]
[2023-07-03 12:34:00,465] INFO     (org.hibernate.orm.connections.pooling): HHH10001001: Connection properties: {password=****, user=root}
[2023-07-03 12:34:00,465] INFO     (org.hibernate.orm.connections.pooling): HHH10001003: Autocommit mode: false
[2023-07-03 12:34:00,471] INFO     (org.hibernate.engine.jdbc.connections.internal.DriverManagerConnectionProviderImpl): HHH000115: Hibernate connection pool size: 1 (min=1)
[2023-07-03 12:34:00,818] INFO     (org.hibernate.dialect.Dialect): HHH000400: Using dialect: org.hibernate.dialect.MySQLDialect
[2023-07-03 12:34:01,340] INFO     (org.hibernate.validator.internal.util.Version): HV000001: Hibernate Validator 6.0.2.Final
[2023-07-03 12:34:06,316] INFO     (lp.fx.MainApp            ): Application starting
[2023-07-03 12:39:24,754] INFO     (org.hibernate.Version    ): HHH000412: Hibernate ORM core version 5.6.15.Final
[2023-07-03 12:39:25,454] INFO     (org.hibernate.annotations.common.Version): HCANN000001: Hibernate Commons Annotations {5.1.2.Final}
[2023-07-03 12:39:25,995] WARN     (org.hibernate.orm.connections.pooling): HHH10001002: Using Hibernate built-in connection pool (not for production use!)
[2023-07-03 12:39:26,008] INFO     (org.hibernate.orm.connections.pooling): HHH10001005: using driver [com.mysql.jdbc.Driver] at URL [jdbc:mysql://localhost:3306/bf2stats]
[2023-07-03 12:39:26,008] INFO     (org.hibernate.orm.connections.pooling): HHH10001001: Connection properties: {password=****, user=root}
[2023-07-03 12:39:26,008] INFO     (org.hibernate.orm.connections.pooling): HHH10001003: Autocommit mode: false
[2023-07-03 12:39:26,012] INFO     (org.hibernate.engine.jdbc.connections.internal.DriverManagerConnectionProviderImpl): HHH000115: Hibernate connection pool size: 1 (min=1)
[2023-07-03 12:39:26,295] INFO     (org.hibernate.dialect.Dialect): HHH000400: Using dialect: org.hibernate.dialect.MySQLDialect
[2023-07-03 12:39:26,745] INFO     (org.hibernate.validator.internal.util.Version): HV000001: Hibernate Validator 6.0.2.Final
[2023-07-03 12:50:22,021] INFO     (org.hibernate.Version    ): HHH000412: Hibernate ORM core version 5.6.15.Final
[2023-07-03 12:50:22,780] INFO     (org.hibernate.annotations.common.Version): HCANN000001: Hibernate Commons Annotations {5.1.2.Final}
[2023-07-03 12:50:23,372] WARN     (org.hibernate.orm.connections.pooling): HHH10001002: Using Hibernate built-in connection pool (not for production use!)
[2023-07-03 12:50:23,379] INFO     (org.hibernate.orm.connections.pooling): HHH10001005: using driver [com.mysql.jdbc.Driver] at URL [jdbc:mysql://localhost:3306/bf2stats]
[2023-07-03 12:50:23,379] INFO     (org.hibernate.orm.connections.pooling): HHH10001001: Connection properties: {password=****, user=root}
[2023-07-03 12:50:23,379] INFO     (org.hibernate.orm.connections.pooling): HHH10001003: Autocommit mode: false
[2023-07-03 12:50:23,386] INFO     (org.hibernate.engine.jdbc.connections.internal.DriverManagerConnectionProviderImpl): HHH000115: Hibernate connection pool size: 1 (min=1)
[2023-07-03 12:50:23,707] INFO     (org.hibernate.dialect.Dialect): HHH000400: Using dialect: org.hibernate.dialect.MySQLDialect
[2023-07-03 12:50:24,160] INFO     (org.hibernate.validator.internal.util.Version): HV000001: Hibernate Validator 6.0.2.Final
[2023-07-03 12:50:25,856] INFO     (lp.fx.MainApp            ): Application starting
[2023-07-03 12:52:33,186] INFO     (org.hibernate.Version    ): HHH000412: Hibernate ORM core version 5.6.15.Final
[2023-07-03 12:52:34,198] INFO     (org.hibernate.annotations.common.Version): HCANN000001: Hibernate Commons Annotations {5.1.2.Final}
[2023-07-03 12:52:34,985] WARN     (org.hibernate.orm.connections.pooling): HHH10001002: Using Hibernate built-in connection pool (not for production use!)
[2023-07-03 12:52:34,997] INFO     (org.hibernate.orm.connections.pooling): HHH10001005: using driver [com.mysql.jdbc.Driver] at URL [jdbc:mysql://localhost:3306/bf2stats]
[2023-07-03 12:52:34,997] INFO     (org.hibernate.orm.connections.pooling): HHH10001001: Connection properties: {password=****, user=root}
[2023-07-03 12:52:34,998] INFO     (org.hibernate.orm.connections.pooling): HHH10001003: Autocommit mode: false
[2023-07-03 12:52:35,009] INFO     (org.hibernate.engine.jdbc.connections.internal.DriverManagerConnectionProviderImpl): HHH000115: Hibernate connection pool size: 1 (min=1)
[2023-07-03 12:52:35,466] INFO     (org.hibernate.dialect.Dialect): HHH000400: Using dialect: org.hibernate.dialect.MySQLDialect
[2023-07-03 12:52:36,130] INFO     (org.hibernate.validator.internal.util.Version): HV000001: Hibernate Validator 6.0.2.Final
[2023-07-03 12:52:38,317] INFO     (lp.fx.MainApp            ): Application starting
