[2023-07-12 13:06:23,410] INFO     (org.hibernate.Version    ): HHH000412: Hibernate ORM core version 5.6.15.Final
[2023-07-12 13:06:24,205] INFO     (org.hibernate.annotations.common.Version): HCANN000001: Hibernate Commons Annotations {5.1.2.Final}
[2023-07-12 13:06:24,737] WARN     (org.hibernate.orm.connections.pooling): HHH10001002: Using Hibernate built-in connection pool (not for production use!)
[2023-07-12 13:06:24,747] INFO     (org.hibernate.orm.connections.pooling): HHH10001005: using driver [com.mysql.jdbc.Driver] at URL [jdbc:mysql://localhost:3306/bf2stats]
[2023-07-12 13:06:24,748] INFO     (org.hibernate.orm.connections.pooling): HHH10001001: Connection properties: {password=****, user=root}
[2023-07-12 13:06:24,748] INFO     (org.hibernate.orm.connections.pooling): HHH10001003: Autocommit mode: false
[2023-07-12 13:06:24,795] INFO     (org.hibernate.engine.jdbc.connections.internal.DriverManagerConnectionProviderImpl): HHH000115: Hibernate connection pool size: 1 (min=1)
[2023-07-12 13:06:25,064] INFO     (org.hibernate.dialect.Dialect): HHH000400: Using dialect: org.hibernate.dialect.MySQLDialect
[2023-07-12 13:06:25,501] INFO     (org.hibernate.validator.internal.util.Version): HV000001: Hibernate Validator 6.0.2.Final
[2023-07-12 13:06:26,384] WARN     (org.hibernate.orm.connections.pooling): HHH10001002: Using Hibernate built-in connection pool (not for production use!)
[2023-07-12 13:06:26,386] INFO     (org.hibernate.orm.connections.pooling): HHH10001005: using driver [com.mysql.jdbc.Driver] at URL [jdbc:mysql://localhost:3306/bf2stats]
[2023-07-12 13:06:26,387] INFO     (org.hibernate.orm.connections.pooling): HHH10001001: Connection properties: {password=****, user=root}
[2023-07-12 13:06:26,387] INFO     (org.hibernate.orm.connections.pooling): HHH10001003: Autocommit mode: false
[2023-07-12 13:06:26,387] INFO     (org.hibernate.engine.jdbc.connections.internal.DriverManagerConnectionProviderImpl): HHH000115: Hibernate connection pool size: 1 (min=1)
[2023-07-12 13:06:26,394] INFO     (org.hibernate.dialect.Dialect): HHH000400: Using dialect: org.hibernate.dialect.MySQLDialect
[2023-07-12 13:06:27,306] INFO     (lp.fx.MainApp            ): Application starting
[2023-07-12 13:14:27,275] INFO     (org.hibernate.Version    ): HHH000412: Hibernate ORM core version 5.6.15.Final
[2023-07-12 13:14:28,357] INFO     (org.hibernate.annotations.common.Version): HCANN000001: Hibernate Commons Annotations {5.1.2.Final}
[2023-07-12 13:14:29,019] WARN     (org.hibernate.orm.connections.pooling): HHH10001002: Using Hibernate built-in connection pool (not for production use!)
[2023-07-12 13:14:29,030] INFO     (org.hibernate.orm.connections.pooling): HHH10001005: using driver [com.mysql.jdbc.Driver] at URL [jdbc:mysql://localhost:3306/bf2stats]
[2023-07-12 13:14:29,030] INFO     (org.hibernate.orm.connections.pooling): HHH10001001: Connection properties: {password=****, user=root}
[2023-07-12 13:14:29,030] INFO     (org.hibernate.orm.connections.pooling): HHH10001003: Autocommit mode: false
[2023-07-12 13:14:29,043] INFO     (org.hibernate.engine.jdbc.connections.internal.DriverManagerConnectionProviderImpl): HHH000115: Hibernate connection pool size: 1 (min=1)
[2023-07-12 13:14:29,344] INFO     (org.hibernate.dialect.Dialect): HHH000400: Using dialect: org.hibernate.dialect.MySQLDialect
[2023-07-12 13:14:29,831] INFO     (org.hibernate.validator.internal.util.Version): HV000001: Hibernate Validator 6.0.2.Final
[2023-07-12 13:14:30,789] WARN     (org.hibernate.orm.connections.pooling): HHH10001002: Using Hibernate built-in connection pool (not for production use!)
[2023-07-12 13:14:30,790] INFO     (org.hibernate.orm.connections.pooling): HHH10001005: using driver [com.mysql.jdbc.Driver] at URL [jdbc:mysql://localhost:3306/bf2stats]
[2023-07-12 13:14:30,790] INFO     (org.hibernate.orm.connections.pooling): HHH10001001: Connection properties: {password=****, user=root}
[2023-07-12 13:14:30,790] INFO     (org.hibernate.orm.connections.pooling): HHH10001003: Autocommit mode: false
[2023-07-12 13:14:30,790] INFO     (org.hibernate.engine.jdbc.connections.internal.DriverManagerConnectionProviderImpl): HHH000115: Hibernate connection pool size: 1 (min=1)
[2023-07-12 13:14:30,797] INFO     (org.hibernate.dialect.Dialect): HHH000400: Using dialect: org.hibernate.dialect.MySQLDialect
[2023-07-12 13:14:31,794] INFO     (lp.fx.MainApp            ): Application starting
[2023-07-12 13:51:41,055] INFO     (org.hibernate.Version    ): HHH000412: Hibernate ORM core version 5.6.15.Final
[2023-07-12 13:51:41,700] INFO     (org.hibernate.annotations.common.Version): HCANN000001: Hibernate Commons Annotations {5.1.2.Final}
[2023-07-12 13:51:42,166] WARN     (org.hibernate.orm.connections.pooling): HHH10001002: Using Hibernate built-in connection pool (not for production use!)
[2023-07-12 13:51:42,174] INFO     (org.hibernate.orm.connections.pooling): HHH10001005: using driver [com.mysql.jdbc.Driver] at URL [jdbc:mysql://localhost:3306/bf2stats]
[2023-07-12 13:51:42,174] INFO     (org.hibernate.orm.connections.pooling): HHH10001001: Connection properties: {password=****, user=root}
[2023-07-12 13:51:42,175] INFO     (org.hibernate.orm.connections.pooling): HHH10001003: Autocommit mode: false
[2023-07-12 13:51:42,181] INFO     (org.hibernate.engine.jdbc.connections.internal.DriverManagerConnectionProviderImpl): HHH000115: Hibernate connection pool size: 1 (min=1)
[2023-07-12 13:51:42,437] INFO     (org.hibernate.dialect.Dialect): HHH000400: Using dialect: org.hibernate.dialect.MySQLDialect
[2023-07-12 13:51:43,023] INFO     (org.hibernate.validator.internal.util.Version): HV000001: Hibernate Validator 6.0.2.Final
[2023-07-12 13:51:44,604] WARN     (org.hibernate.orm.connections.pooling): HHH10001002: Using Hibernate built-in connection pool (not for production use!)
[2023-07-12 13:51:44,605] INFO     (org.hibernate.orm.connections.pooling): HHH10001005: using driver [com.mysql.jdbc.Driver] at URL [jdbc:mysql://localhost:3306/bf2stats]
[2023-07-12 13:51:44,605] INFO     (org.hibernate.orm.connections.pooling): HHH10001001: Connection properties: {password=****, user=root}
[2023-07-12 13:51:44,605] INFO     (org.hibernate.orm.connections.pooling): HHH10001003: Autocommit mode: false
[2023-07-12 13:51:44,605] INFO     (org.hibernate.engine.jdbc.connections.internal.DriverManagerConnectionProviderImpl): HHH000115: Hibernate connection pool size: 1 (min=1)
[2023-07-12 13:51:44,614] INFO     (org.hibernate.dialect.Dialect): HHH000400: Using dialect: org.hibernate.dialect.MySQLDialect
[2023-07-12 13:51:45,750] INFO     (lp.fx.MainApp            ): Application starting
[2023-07-12 13:51:52,493] INFO     (org.hibernate.Version    ): HHH000412: Hibernate ORM core version 5.6.15.Final
[2023-07-12 13:51:54,254] INFO     (org.hibernate.annotations.common.Version): HCANN000001: Hibernate Commons Annotations {5.1.2.Final}
[2023-07-12 13:51:55,087] WARN     (org.hibernate.orm.connections.pooling): HHH10001002: Using Hibernate built-in connection pool (not for production use!)
[2023-07-12 13:51:55,098] INFO     (org.hibernate.orm.connections.pooling): HHH10001005: using driver [com.mysql.jdbc.Driver] at URL [jdbc:mysql://localhost:3306/bf2stats]
[2023-07-12 13:51:55,098] INFO     (org.hibernate.orm.connections.pooling): HHH10001001: Connection properties: {password=****, user=root}
[2023-07-12 13:51:55,098] INFO     (org.hibernate.orm.connections.pooling): HHH10001003: Autocommit mode: false
[2023-07-12 13:51:55,105] INFO     (org.hibernate.engine.jdbc.connections.internal.DriverManagerConnectionProviderImpl): HHH000115: Hibernate connection pool size: 1 (min=1)
[2023-07-12 13:51:55,469] INFO     (org.hibernate.dialect.Dialect): HHH000400: Using dialect: org.hibernate.dialect.MySQLDialect
[2023-07-12 13:51:56,020] INFO     (org.hibernate.validator.internal.util.Version): HV000001: Hibernate Validator 6.0.2.Final
[2023-07-12 13:51:57,242] WARN     (org.hibernate.orm.connections.pooling): HHH10001002: Using Hibernate built-in connection pool (not for production use!)
[2023-07-12 13:51:57,243] INFO     (org.hibernate.orm.connections.pooling): HHH10001005: using driver [com.mysql.jdbc.Driver] at URL [jdbc:mysql://localhost:3306/bf2stats]
[2023-07-12 13:51:57,244] INFO     (org.hibernate.orm.connections.pooling): HHH10001001: Connection properties: {password=****, user=root}
[2023-07-12 13:51:57,244] INFO     (org.hibernate.orm.connections.pooling): HHH10001003: Autocommit mode: false
[2023-07-12 13:51:57,244] INFO     (org.hibernate.engine.jdbc.connections.internal.DriverManagerConnectionProviderImpl): HHH000115: Hibernate connection pool size: 1 (min=1)
[2023-07-12 13:51:57,252] INFO     (org.hibernate.dialect.Dialect): HHH000400: Using dialect: org.hibernate.dialect.MySQLDialect
[2023-07-12 13:51:58,498] INFO     (lp.fx.MainApp            ): Application starting
[2023-07-12 13:53:12,813] INFO     (org.hibernate.Version    ): HHH000412: Hibernate ORM core version 5.6.15.Final
[2023-07-12 13:53:13,419] INFO     (org.hibernate.annotations.common.Version): HCANN000001: Hibernate Commons Annotations {5.1.2.Final}
[2023-07-12 13:53:13,843] WARN     (org.hibernate.orm.connections.pooling): HHH10001002: Using Hibernate built-in connection pool (not for production use!)
[2023-07-12 13:53:13,851] INFO     (org.hibernate.orm.connections.pooling): HHH10001005: using driver [com.mysql.jdbc.Driver] at URL [jdbc:mysql://localhost:3306/bf2stats]
[2023-07-12 13:53:13,852] INFO     (org.hibernate.orm.connections.pooling): HHH10001001: Connection properties: {password=****, user=root}
[2023-07-12 13:53:13,852] INFO     (org.hibernate.orm.connections.pooling): HHH10001003: Autocommit mode: false
[2023-07-12 13:53:13,857] INFO     (org.hibernate.engine.jdbc.connections.internal.DriverManagerConnectionProviderImpl): HHH000115: Hibernate connection pool size: 1 (min=1)
[2023-07-12 13:53:14,074] INFO     (org.hibernate.dialect.Dialect): HHH000400: Using dialect: org.hibernate.dialect.MySQLDialect
[2023-07-12 13:53:14,419] INFO     (org.hibernate.validator.internal.util.Version): HV000001: Hibernate Validator 6.0.2.Final
[2023-07-12 13:53:15,185] WARN     (org.hibernate.orm.connections.pooling): HHH10001002: Using Hibernate built-in connection pool (not for production use!)
[2023-07-12 13:53:15,186] INFO     (org.hibernate.orm.connections.pooling): HHH10001005: using driver [com.mysql.jdbc.Driver] at URL [jdbc:mysql://localhost:3306/bf2stats]
[2023-07-12 13:53:15,186] INFO     (org.hibernate.orm.connections.pooling): HHH10001001: Connection properties: {password=****, user=root}
[2023-07-12 13:53:15,186] INFO     (org.hibernate.orm.connections.pooling): HHH10001003: Autocommit mode: false
[2023-07-12 13:53:15,186] INFO     (org.hibernate.engine.jdbc.connections.internal.DriverManagerConnectionProviderImpl): HHH000115: Hibernate connection pool size: 1 (min=1)
[2023-07-12 13:53:15,191] INFO     (org.hibernate.dialect.Dialect): HHH000400: Using dialect: org.hibernate.dialect.MySQLDialect
[2023-07-12 13:53:15,984] INFO     (lp.fx.MainApp            ): Application starting
[2023-07-12 13:53:19,732] ERROR    (org.hibernate.hql.internal.ast.ErrorTracker): line 1:8: unexpected token: *
[2023-07-12 13:53:19,733] ERROR    (org.hibernate.hql.internal.ast.ErrorTracker): line 1:8: unexpected token: *
line 1:8: unexpected token: *
	at org.hibernate.hql.internal.antlr.HqlBaseParser.selectClause(HqlBaseParser.java:1387)
	at org.hibernate.hql.internal.antlr.HqlBaseParser.selectFrom(HqlBaseParser.java:1148)
	at org.hibernate.hql.internal.antlr.HqlBaseParser.queryRule(HqlBaseParser.java:825)
	at org.hibernate.hql.internal.antlr.HqlBaseParser.selectStatement(HqlBaseParser.java:336)
	at org.hibernate.hql.internal.antlr.HqlBaseParser.statement(HqlBaseParser.java:200)
	at org.hibernate.hql.internal.ast.QueryTranslatorImpl.parse(QueryTranslatorImpl.java:294)
	at org.hibernate.hql.internal.ast.QueryTranslatorImpl.doCompile(QueryTranslatorImpl.java:189)
	at org.hibernate.hql.internal.ast.QueryTranslatorImpl.compile(QueryTranslatorImpl.java:144)
	at org.hibernate.engine.query.spi.HQLQueryPlan.<init>(HQLQueryPlan.java:112)
	at org.hibernate.engine.query.spi.HQLQueryPlan.<init>(HQLQueryPlan.java:73)
	at org.hibernate.engine.query.spi.QueryPlanCache.getHQLQueryPlan(QueryPlanCache.java:162)
	at org.hibernate.internal.AbstractSharedSessionContract.getQueryPlan(AbstractSharedSessionContract.java:636)
	at org.hibernate.internal.AbstractSharedSessionContract.createQuery(AbstractSharedSessionContract.java:748)
	at org.hibernate.internal.AbstractSharedSessionContract.createQuery(AbstractSharedSessionContract.java:114)
	at java.base/jdk.internal.reflect.NativeMethodAccessorImpl.invoke0(Native Method)
	at java.base/jdk.internal.reflect.NativeMethodAccessorImpl.invoke(NativeMethodAccessorImpl.java:62)
	at java.base/jdk.internal.reflect.DelegatingMethodAccessorImpl.invoke(DelegatingMethodAccessorImpl.java:43)
	at java.base/java.lang.reflect.Method.invoke(Method.java:566)
	at org.hibernate.context.internal.ThreadLocalSessionContext$TransactionProtectionWrapper.invoke(ThreadLocalSessionContext.java:351)
	at com.sun.proxy.$Proxy47.createQuery(Unknown Source)
	at lp.jpa.daoimpl.AwardsDaoImpl.getLastThreeAwardsByID(AwardsDaoImpl.java:43)
	at lp.Manager.getLastThreeAwards(Manager.java:93)
	at lp.fx.tabcontents.BF2OneThirdPane.reloadData(BF2OneThirdPane.java:100)
	at java.base/java.util.ArrayList.forEach(ArrayList.java:1541)
	at lp.Manager.refreshSelectedPlayerValues(Manager.java:88)
	at lp.Manager.setSelectedPlayer(Manager.java:60)
	at lp.fx.tabcontents.BF2OneThirdPane.lambda$fillNameComboBox$2(BF2OneThirdPane.java:220)
	at com.sun.javafx.binding.ExpressionHelper$Generic.fireValueChangedEvent(ExpressionHelper.java:360)
	at com.sun.javafx.binding.ExpressionHelper.fireValueChangedEvent(ExpressionHelper.java:80)
	at javafx.beans.property.ObjectPropertyBase.fireValueChangedEvent(ObjectPropertyBase.java:106)
	at javafx.beans.property.ObjectPropertyBase.markInvalid(ObjectPropertyBase.java:113)
	at javafx.beans.property.ObjectPropertyBase.set(ObjectPropertyBase.java:147)
	at javafx.scene.control.ComboBoxBase.setValue(ComboBoxBase.java:151)
	at javafx.scene.control.ComboBox.updateValue(ComboBox.java:520)
	at javafx.scene.control.ComboBox.access$200(ComboBox.java:194)
	at javafx.scene.control.ComboBox$3.changed(ComboBox.java:503)
	at com.sun.javafx.binding.ExpressionHelper$Generic.fireValueChangedEvent(ExpressionHelper.java:360)
	at com.sun.javafx.binding.ExpressionHelper.fireValueChangedEvent(ExpressionHelper.java:80)
	at javafx.beans.property.ReadOnlyObjectPropertyBase.fireValueChangedEvent(ReadOnlyObjectPropertyBase.java:74)
	at javafx.beans.property.ReadOnlyObjectWrapper.fireValueChangedEvent(ReadOnlyObjectWrapper.java:102)
	at javafx.beans.property.ObjectPropertyBase.markInvalid(ObjectPropertyBase.java:113)
	at javafx.beans.property.ObjectPropertyBase.set(ObjectPropertyBase.java:147)
	at javafx.scene.control.SelectionModel.setSelectedItem(SelectionModel.java:105)
	at javafx.scene.control.ComboBox$ComboBoxSelectionModel.lambda$new$0(ComboBox.java:560)
	at com.sun.javafx.binding.ExpressionHelper$SingleInvalidation.fireValueChangedEvent(ExpressionHelper.java:136)
	at com.sun.javafx.binding.ExpressionHelper.fireValueChangedEvent(ExpressionHelper.java:80)
	at javafx.beans.property.ReadOnlyIntegerPropertyBase.fireValueChangedEvent(ReadOnlyIntegerPropertyBase.java:72)
	at javafx.beans.property.ReadOnlyIntegerWrapper.fireValueChangedEvent(ReadOnlyIntegerWrapper.java:102)
	at javafx.beans.property.IntegerPropertyBase.markInvalid(IntegerPropertyBase.java:114)
	at javafx.beans.property.IntegerPropertyBase.set(IntegerPropertyBase.java:148)
	at javafx.scene.control.SelectionModel.setSelectedIndex(SelectionModel.java:69)
	at javafx.scene.control.SingleSelectionModel.updateSelectedIndex(SingleSelectionModel.java:215)
	at javafx.scene.control.SingleSelectionModel.select(SingleSelectionModel.java:149)
	at javafx.scene.control.skin.ComboBoxListViewSkin.lambda$createListView$10(ComboBoxListViewSkin.java:554)
	at com.sun.javafx.binding.ExpressionHelper$Generic.fireValueChangedEvent(ExpressionHelper.java:348)
	at com.sun.javafx.binding.ExpressionHelper.fireValueChangedEvent(ExpressionHelper.java:80)
	at javafx.beans.property.ReadOnlyIntegerPropertyBase.fireValueChangedEvent(ReadOnlyIntegerPropertyBase.java:72)
	at javafx.beans.property.ReadOnlyIntegerWrapper.fireValueChangedEvent(ReadOnlyIntegerWrapper.java:102)
	at javafx.beans.property.IntegerPropertyBase.markInvalid(IntegerPropertyBase.java:114)
	at javafx.beans.property.IntegerPropertyBase.set(IntegerPropertyBase.java:148)
	at javafx.scene.control.SelectionModel.setSelectedIndex(SelectionModel.java:69)
	at javafx.scene.control.MultipleSelectionModelBase.select(MultipleSelectionModelBase.java:412)
	at javafx.scene.control.MultipleSelectionModelBase.clearAndSelect(MultipleSelectionModelBase.java:360)
	at javafx.scene.control.ListView$ListViewBitSetSelectionModel.clearAndSelect(ListView.java:1460)
	at com.sun.javafx.scene.control.behavior.CellBehaviorBase.simpleSelect(CellBehaviorBase.java:282)
	at com.sun.javafx.scene.control.behavior.CellBehaviorBase.doSelect(CellBehaviorBase.java:246)
	at com.sun.javafx.scene.control.behavior.CellBehaviorBase.mousePressed(CellBehaviorBase.java:176)
	at com.sun.javafx.scene.control.inputmap.InputMap.handle(InputMap.java:274)
	at com.sun.javafx.event.CompositeEventHandler$NormalEventHandlerRecord.handleBubblingEvent(CompositeEventHandler.java:218)
	at com.sun.javafx.event.CompositeEventHandler.dispatchBubblingEvent(CompositeEventHandler.java:80)
	at com.sun.javafx.event.EventHandlerManager.dispatchBubblingEvent(EventHandlerManager.java:238)
	at com.sun.javafx.event.EventHandlerManager.dispatchBubblingEvent(EventHandlerManager.java:191)
	at com.sun.javafx.event.CompositeEventDispatcher.dispatchBubblingEvent(CompositeEventDispatcher.java:59)
	at com.sun.javafx.event.BasicEventDispatcher.dispatchEvent(BasicEventDispatcher.java:58)
	at com.sun.javafx.event.EventDispatchChainImpl.dispatchEvent(EventDispatchChainImpl.java:114)
	at com.sun.javafx.event.BasicEventDispatcher.dispatchEvent(BasicEventDispatcher.java:56)
	at com.sun.javafx.event.EventDispatchChainImpl.dispatchEvent(EventDispatchChainImpl.java:114)
	at com.sun.javafx.event.BasicEventDispatcher.dispatchEvent(BasicEventDispatcher.java:56)
	at com.sun.javafx.event.EventDispatchChainImpl.dispatchEvent(EventDispatchChainImpl.java:114)
	at com.sun.javafx.event.BasicEventDispatcher.dispatchEvent(BasicEventDispatcher.java:56)
	at com.sun.javafx.event.EventDispatchChainImpl.dispatchEvent(EventDispatchChainImpl.java:114)
	at com.sun.javafx.event.EventUtil.fireEventImpl(EventUtil.java:74)
	at com.sun.javafx.event.EventUtil.fireEvent(EventUtil.java:54)
	at javafx.event.Event.fireEvent(Event.java:198)
	at javafx.scene.Scene$MouseHandler.process(Scene.java:3851)
	at javafx.scene.Scene$MouseHandler.access$1200(Scene.java:3579)
	at javafx.scene.Scene.processMouseEvent(Scene.java:1849)
	at javafx.scene.Scene$ScenePeerListener.mouseEvent(Scene.java:2588)
	at com.sun.javafx.tk.quantum.GlassViewEventHandler$MouseEventNotification.run(GlassViewEventHandler.java:397)
	at com.sun.javafx.tk.quantum.GlassViewEventHandler$MouseEventNotification.run(GlassViewEventHandler.java:295)
	at java.base/java.security.AccessController.doPrivileged(Native Method)
	at com.sun.javafx.tk.quantum.GlassViewEventHandler.lambda$handleMouseEvent$2(GlassViewEventHandler.java:434)
	at com.sun.javafx.tk.quantum.QuantumToolkit.runWithoutRenderLock(QuantumToolkit.java:390)
	at com.sun.javafx.tk.quantum.GlassViewEventHandler.handleMouseEvent(GlassViewEventHandler.java:433)
	at com.sun.glass.ui.View.handleMouseEvent(View.java:556)
	at com.sun.glass.ui.View.notifyMouse(View.java:942)
	at com.sun.glass.ui.win.WinApplication._runLoop(Native Method)
	at com.sun.glass.ui.win.WinApplication.lambda$runLoop$3(WinApplication.java:174)
	at java.base/java.lang.Thread.run(Thread.java:834)
[2023-07-12 13:53:42,868] INFO     (org.hibernate.Version    ): HHH000412: Hibernate ORM core version 5.6.15.Final
[2023-07-12 13:53:43,461] INFO     (org.hibernate.annotations.common.Version): HCANN000001: Hibernate Commons Annotations {5.1.2.Final}
[2023-07-12 13:53:43,893] WARN     (org.hibernate.orm.connections.pooling): HHH10001002: Using Hibernate built-in connection pool (not for production use!)
[2023-07-12 13:53:43,900] INFO     (org.hibernate.orm.connections.pooling): HHH10001005: using driver [com.mysql.jdbc.Driver] at URL [jdbc:mysql://localhost:3306/bf2stats]
[2023-07-12 13:53:43,901] INFO     (org.hibernate.orm.connections.pooling): HHH10001001: Connection properties: {password=****, user=root}
[2023-07-12 13:53:43,901] INFO     (org.hibernate.orm.connections.pooling): HHH10001003: Autocommit mode: false
[2023-07-12 13:53:43,905] INFO     (org.hibernate.engine.jdbc.connections.internal.DriverManagerConnectionProviderImpl): HHH000115: Hibernate connection pool size: 1 (min=1)
[2023-07-12 13:53:44,125] INFO     (org.hibernate.dialect.Dialect): HHH000400: Using dialect: org.hibernate.dialect.MySQLDialect
[2023-07-12 13:53:44,486] INFO     (org.hibernate.validator.internal.util.Version): HV000001: Hibernate Validator 6.0.2.Final
[2023-07-12 13:53:45,291] WARN     (org.hibernate.orm.connections.pooling): HHH10001002: Using Hibernate built-in connection pool (not for production use!)
[2023-07-12 13:53:45,291] INFO     (org.hibernate.orm.connections.pooling): HHH10001005: using driver [com.mysql.jdbc.Driver] at URL [jdbc:mysql://localhost:3306/bf2stats]
[2023-07-12 13:53:45,291] INFO     (org.hibernate.orm.connections.pooling): HHH10001001: Connection properties: {password=****, user=root}
[2023-07-12 13:53:45,291] INFO     (org.hibernate.orm.connections.pooling): HHH10001003: Autocommit mode: false
[2023-07-12 13:53:45,292] INFO     (org.hibernate.engine.jdbc.connections.internal.DriverManagerConnectionProviderImpl): HHH000115: Hibernate connection pool size: 1 (min=1)
[2023-07-12 13:53:45,296] INFO     (org.hibernate.dialect.Dialect): HHH000400: Using dialect: org.hibernate.dialect.MySQLDialect
[2023-07-12 13:53:46,270] INFO     (lp.fx.MainApp            ): Application starting
