[2023-07-04 20:13:33,516] INFO     (org.hibernate.Version    ): HHH000412: Hibernate ORM core version 5.6.15.Final
[2023-07-04 20:13:34,044] INFO     (org.hibernate.annotations.common.Version): HCANN000001: Hibernate Commons Annotations {5.1.2.Final}
[2023-07-04 20:13:34,377] WARN     (org.hibernate.orm.connections.pooling): HHH10001002: Using Hibernate built-in connection pool (not for production use!)
[2023-07-04 20:13:34,385] INFO     (org.hibernate.orm.connections.pooling): HHH10001005: using driver [com.mysql.jdbc.Driver] at URL [jdbc:mysql://localhost:3306/bf2stats]
[2023-07-04 20:13:34,386] INFO     (org.hibernate.orm.connections.pooling): HHH10001001: Connection properties: {password=****, user=root}
[2023-07-04 20:13:34,386] INFO     (org.hibernate.orm.connections.pooling): HHH10001003: Autocommit mode: false
[2023-07-04 20:13:34,411] INFO     (org.hibernate.engine.jdbc.connections.internal.DriverManagerConnectionProviderImpl): HHH000115: Hibernate connection pool size: 1 (min=1)
[2023-07-04 20:13:34,626] INFO     (org.hibernate.dialect.Dialect): HHH000400: Using dialect: org.hibernate.dialect.MySQLDialect
[2023-07-04 20:13:34,912] INFO     (org.hibernate.validator.internal.util.Version): HV000001: Hibernate Validator 6.0.2.Final
[2023-07-04 20:13:36,038] INFO     (lp.fx.MainApp            ): Application starting
[2023-07-04 20:14:08,064] INFO     (org.hibernate.Version    ): HHH000412: Hibernate ORM core version 5.6.15.Final
[2023-07-04 20:14:08,734] INFO     (org.hibernate.annotations.common.Version): HCANN000001: Hibernate Commons Annotations {5.1.2.Final}
[2023-07-04 20:14:09,210] WARN     (org.hibernate.orm.connections.pooling): HHH10001002: Using Hibernate built-in connection pool (not for production use!)
[2023-07-04 20:14:09,218] INFO     (org.hibernate.orm.connections.pooling): HHH10001005: using driver [com.mysql.jdbc.Driver] at URL [jdbc:mysql://localhost:3306/bf2stats]
[2023-07-04 20:14:09,219] INFO     (org.hibernate.orm.connections.pooling): HHH10001001: Connection properties: {password=****, user=root}
[2023-07-04 20:14:09,219] INFO     (org.hibernate.orm.connections.pooling): HHH10001003: Autocommit mode: false
[2023-07-04 20:14:09,223] INFO     (org.hibernate.engine.jdbc.connections.internal.DriverManagerConnectionProviderImpl): HHH000115: Hibernate connection pool size: 1 (min=1)
[2023-07-04 20:14:09,528] INFO     (org.hibernate.dialect.Dialect): HHH000400: Using dialect: org.hibernate.dialect.MySQLDialect
[2023-07-04 20:14:09,941] INFO     (org.hibernate.validator.internal.util.Version): HV000001: Hibernate Validator 6.0.2.Final
[2023-07-04 20:14:11,343] INFO     (lp.fx.MainApp            ): Application starting
[2023-07-04 20:17:27,979] INFO     (org.hibernate.Version    ): HHH000412: Hibernate ORM core version 5.6.15.Final
[2023-07-04 20:17:28,452] INFO     (org.hibernate.annotations.common.Version): HCANN000001: Hibernate Commons Annotations {5.1.2.Final}
[2023-07-04 20:17:28,775] WARN     (org.hibernate.orm.connections.pooling): HHH10001002: Using Hibernate built-in connection pool (not for production use!)
[2023-07-04 20:17:28,781] INFO     (org.hibernate.orm.connections.pooling): HHH10001005: using driver [com.mysql.jdbc.Driver] at URL [jdbc:mysql://localhost:3306/bf2stats]
[2023-07-04 20:17:28,781] INFO     (org.hibernate.orm.connections.pooling): HHH10001001: Connection properties: {password=****, user=root}
[2023-07-04 20:17:28,781] INFO     (org.hibernate.orm.connections.pooling): HHH10001003: Autocommit mode: false
[2023-07-04 20:17:28,786] INFO     (org.hibernate.engine.jdbc.connections.internal.DriverManagerConnectionProviderImpl): HHH000115: Hibernate connection pool size: 1 (min=1)
[2023-07-04 20:17:29,014] INFO     (org.hibernate.dialect.Dialect): HHH000400: Using dialect: org.hibernate.dialect.MySQLDialect
[2023-07-04 20:17:29,295] INFO     (org.hibernate.validator.internal.util.Version): HV000001: Hibernate Validator 6.0.2.Final
[2023-07-04 20:17:30,407] INFO     (lp.fx.MainApp            ): Application starting
[2023-07-04 20:21:05,665] INFO     (org.hibernate.Version    ): HHH000412: Hibernate ORM core version 5.6.15.Final
[2023-07-04 20:21:06,121] INFO     (org.hibernate.annotations.common.Version): HCANN000001: Hibernate Commons Annotations {5.1.2.Final}
[2023-07-04 20:21:06,452] WARN     (org.hibernate.orm.connections.pooling): HHH10001002: Using Hibernate built-in connection pool (not for production use!)
[2023-07-04 20:21:06,459] INFO     (org.hibernate.orm.connections.pooling): HHH10001005: using driver [com.mysql.jdbc.Driver] at URL [jdbc:mysql://localhost:3306/bf2stats]
[2023-07-04 20:21:06,459] INFO     (org.hibernate.orm.connections.pooling): HHH10001001: Connection properties: {password=****, user=root}
[2023-07-04 20:21:06,459] INFO     (org.hibernate.orm.connections.pooling): HHH10001003: Autocommit mode: false
[2023-07-04 20:21:06,462] INFO     (org.hibernate.engine.jdbc.connections.internal.DriverManagerConnectionProviderImpl): HHH000115: Hibernate connection pool size: 1 (min=1)
[2023-07-04 20:21:06,670] INFO     (org.hibernate.dialect.Dialect): HHH000400: Using dialect: org.hibernate.dialect.MySQLDialect
[2023-07-04 20:21:06,963] INFO     (org.hibernate.validator.internal.util.Version): HV000001: Hibernate Validator 6.0.2.Final
[2023-07-04 20:21:08,039] INFO     (lp.fx.MainApp            ): Application starting
[2023-07-04 20:21:24,441] INFO     (org.hibernate.Version    ): HHH000412: Hibernate ORM core version 5.6.15.Final
[2023-07-04 20:21:25,157] INFO     (org.hibernate.annotations.common.Version): HCANN000001: Hibernate Commons Annotations {5.1.2.Final}
[2023-07-04 20:21:25,673] WARN     (org.hibernate.orm.connections.pooling): HHH10001002: Using Hibernate built-in connection pool (not for production use!)
[2023-07-04 20:21:25,681] INFO     (org.hibernate.orm.connections.pooling): HHH10001005: using driver [com.mysql.jdbc.Driver] at URL [jdbc:mysql://localhost:3306/bf2stats]
[2023-07-04 20:21:25,682] INFO     (org.hibernate.orm.connections.pooling): HHH10001001: Connection properties: {password=****, user=root}
[2023-07-04 20:21:25,682] INFO     (org.hibernate.orm.connections.pooling): HHH10001003: Autocommit mode: false
[2023-07-04 20:21:25,687] INFO     (org.hibernate.engine.jdbc.connections.internal.DriverManagerConnectionProviderImpl): HHH000115: Hibernate connection pool size: 1 (min=1)
[2023-07-04 20:21:25,989] INFO     (org.hibernate.dialect.Dialect): HHH000400: Using dialect: org.hibernate.dialect.MySQLDialect
[2023-07-04 20:21:26,543] INFO     (org.hibernate.validator.internal.util.Version): HV000001: Hibernate Validator 6.0.2.Final
[2023-07-04 20:21:28,167] INFO     (lp.fx.MainApp            ): Application starting
[2023-07-04 20:21:46,429] INFO     (org.hibernate.Version    ): HHH000412: Hibernate ORM core version 5.6.15.Final
[2023-07-04 20:21:47,239] INFO     (org.hibernate.annotations.common.Version): HCANN000001: Hibernate Commons Annotations {5.1.2.Final}
[2023-07-04 20:21:47,774] WARN     (org.hibernate.orm.connections.pooling): HHH10001002: Using Hibernate built-in connection pool (not for production use!)
[2023-07-04 20:21:47,783] INFO     (org.hibernate.orm.connections.pooling): HHH10001005: using driver [com.mysql.jdbc.Driver] at URL [jdbc:mysql://localhost:3306/bf2stats]
[2023-07-04 20:21:47,784] INFO     (org.hibernate.orm.connections.pooling): HHH10001001: Connection properties: {password=****, user=root}
[2023-07-04 20:21:47,784] INFO     (org.hibernate.orm.connections.pooling): HHH10001003: Autocommit mode: false
[2023-07-04 20:21:47,790] INFO     (org.hibernate.engine.jdbc.connections.internal.DriverManagerConnectionProviderImpl): HHH000115: Hibernate connection pool size: 1 (min=1)
[2023-07-04 20:21:48,126] INFO     (org.hibernate.dialect.Dialect): HHH000400: Using dialect: org.hibernate.dialect.MySQLDialect
[2023-07-04 20:21:48,565] INFO     (org.hibernate.validator.internal.util.Version): HV000001: Hibernate Validator 6.0.2.Final
[2023-07-04 20:21:50,139] INFO     (lp.fx.MainApp            ): Application starting
[2023-07-04 20:22:14,610] INFO     (org.hibernate.Version    ): HHH000412: Hibernate ORM core version 5.6.15.Final
[2023-07-04 20:22:15,068] INFO     (org.hibernate.annotations.common.Version): HCANN000001: Hibernate Commons Annotations {5.1.2.Final}
[2023-07-04 20:22:15,415] WARN     (org.hibernate.orm.connections.pooling): HHH10001002: Using Hibernate built-in connection pool (not for production use!)
[2023-07-04 20:22:15,420] INFO     (org.hibernate.orm.connections.pooling): HHH10001005: using driver [com.mysql.jdbc.Driver] at URL [jdbc:mysql://localhost:3306/bf2stats]
[2023-07-04 20:22:15,421] INFO     (org.hibernate.orm.connections.pooling): HHH10001001: Connection properties: {password=****, user=root}
[2023-07-04 20:22:15,421] INFO     (org.hibernate.orm.connections.pooling): HHH10001003: Autocommit mode: false
[2023-07-04 20:22:15,424] INFO     (org.hibernate.engine.jdbc.connections.internal.DriverManagerConnectionProviderImpl): HHH000115: Hibernate connection pool size: 1 (min=1)
[2023-07-04 20:22:15,633] INFO     (org.hibernate.dialect.Dialect): HHH000400: Using dialect: org.hibernate.dialect.MySQLDialect
[2023-07-04 20:22:16,031] INFO     (org.hibernate.validator.internal.util.Version): HV000001: Hibernate Validator 6.0.2.Final
[2023-07-04 20:22:17,610] INFO     (lp.fx.MainApp            ): Application starting
[2023-07-04 20:22:39,899] INFO     (org.hibernate.Version    ): HHH000412: Hibernate ORM core version 5.6.15.Final
[2023-07-04 20:22:40,508] INFO     (org.hibernate.annotations.common.Version): HCANN000001: Hibernate Commons Annotations {5.1.2.Final}
[2023-07-04 20:22:41,016] WARN     (org.hibernate.orm.connections.pooling): HHH10001002: Using Hibernate built-in connection pool (not for production use!)
[2023-07-04 20:22:41,025] INFO     (org.hibernate.orm.connections.pooling): HHH10001005: using driver [com.mysql.jdbc.Driver] at URL [jdbc:mysql://localhost:3306/bf2stats]
[2023-07-04 20:22:41,025] INFO     (org.hibernate.orm.connections.pooling): HHH10001001: Connection properties: {password=****, user=root}
[2023-07-04 20:22:41,025] INFO     (org.hibernate.orm.connections.pooling): HHH10001003: Autocommit mode: false
[2023-07-04 20:22:41,030] INFO     (org.hibernate.engine.jdbc.connections.internal.DriverManagerConnectionProviderImpl): HHH000115: Hibernate connection pool size: 1 (min=1)
[2023-07-04 20:22:41,332] INFO     (org.hibernate.dialect.Dialect): HHH000400: Using dialect: org.hibernate.dialect.MySQLDialect
[2023-07-04 20:22:41,760] INFO     (org.hibernate.validator.internal.util.Version): HV000001: Hibernate Validator 6.0.2.Final
[2023-07-04 20:22:43,260] INFO     (lp.fx.MainApp            ): Application starting
[2023-07-04 20:26:23,053] INFO     (org.hibernate.Version    ): HHH000412: Hibernate ORM core version 5.6.15.Final
[2023-07-04 20:26:23,529] INFO     (org.hibernate.annotations.common.Version): HCANN000001: Hibernate Commons Annotations {5.1.2.Final}
[2023-07-04 20:26:23,869] WARN     (org.hibernate.orm.connections.pooling): HHH10001002: Using Hibernate built-in connection pool (not for production use!)
[2023-07-04 20:26:23,874] INFO     (org.hibernate.orm.connections.pooling): HHH10001005: using driver [com.mysql.jdbc.Driver] at URL [jdbc:mysql://localhost:3306/bf2stats]
[2023-07-04 20:26:23,875] INFO     (org.hibernate.orm.connections.pooling): HHH10001001: Connection properties: {password=****, user=root}
[2023-07-04 20:26:23,875] INFO     (org.hibernate.orm.connections.pooling): HHH10001003: Autocommit mode: false
[2023-07-04 20:26:23,878] INFO     (org.hibernate.engine.jdbc.connections.internal.DriverManagerConnectionProviderImpl): HHH000115: Hibernate connection pool size: 1 (min=1)
[2023-07-04 20:26:24,078] INFO     (org.hibernate.dialect.Dialect): HHH000400: Using dialect: org.hibernate.dialect.MySQLDialect
[2023-07-04 20:26:24,400] INFO     (org.hibernate.validator.internal.util.Version): HV000001: Hibernate Validator 6.0.2.Final
[2023-07-04 20:26:25,451] INFO     (lp.fx.MainApp            ): Application starting
[2023-07-04 20:32:08,897] INFO     (org.hibernate.Version    ): HHH000412: Hibernate ORM core version 5.6.15.Final
[2023-07-04 20:32:09,370] INFO     (org.hibernate.annotations.common.Version): HCANN000001: Hibernate Commons Annotations {5.1.2.Final}
[2023-07-04 20:32:09,703] WARN     (org.hibernate.orm.connections.pooling): HHH10001002: Using Hibernate built-in connection pool (not for production use!)
[2023-07-04 20:32:09,711] INFO     (org.hibernate.orm.connections.pooling): HHH10001005: using driver [com.mysql.jdbc.Driver] at URL [jdbc:mysql://localhost:3306/bf2stats]
[2023-07-04 20:32:09,711] INFO     (org.hibernate.orm.connections.pooling): HHH10001001: Connection properties: {password=****, user=root}
[2023-07-04 20:32:09,712] INFO     (org.hibernate.orm.connections.pooling): HHH10001003: Autocommit mode: false
[2023-07-04 20:32:09,716] INFO     (org.hibernate.engine.jdbc.connections.internal.DriverManagerConnectionProviderImpl): HHH000115: Hibernate connection pool size: 1 (min=1)
[2023-07-04 20:32:09,911] INFO     (org.hibernate.dialect.Dialect): HHH000400: Using dialect: org.hibernate.dialect.MySQLDialect
[2023-07-04 20:32:10,192] INFO     (org.hibernate.validator.internal.util.Version): HV000001: Hibernate Validator 6.0.2.Final
[2023-07-04 20:32:11,528] INFO     (lp.fx.MainApp            ): Application starting
[2023-07-04 20:33:46,817] INFO     (org.hibernate.Version    ): HHH000412: Hibernate ORM core version 5.6.15.Final
[2023-07-04 20:33:47,275] INFO     (org.hibernate.annotations.common.Version): HCANN000001: Hibernate Commons Annotations {5.1.2.Final}
[2023-07-04 20:33:47,602] WARN     (org.hibernate.orm.connections.pooling): HHH10001002: Using Hibernate built-in connection pool (not for production use!)
[2023-07-04 20:33:47,608] INFO     (org.hibernate.orm.connections.pooling): HHH10001005: using driver [com.mysql.jdbc.Driver] at URL [jdbc:mysql://localhost:3306/bf2stats]
[2023-07-04 20:33:47,608] INFO     (org.hibernate.orm.connections.pooling): HHH10001001: Connection properties: {password=****, user=root}
[2023-07-04 20:33:47,608] INFO     (org.hibernate.orm.connections.pooling): HHH10001003: Autocommit mode: false
[2023-07-04 20:33:47,611] INFO     (org.hibernate.engine.jdbc.connections.internal.DriverManagerConnectionProviderImpl): HHH000115: Hibernate connection pool size: 1 (min=1)
[2023-07-04 20:33:47,803] INFO     (org.hibernate.dialect.Dialect): HHH000400: Using dialect: org.hibernate.dialect.MySQLDialect
[2023-07-04 20:33:48,103] INFO     (org.hibernate.validator.internal.util.Version): HV000001: Hibernate Validator 6.0.2.Final
[2023-07-04 20:33:49,165] INFO     (lp.fx.MainApp            ): Application starting
[2023-07-04 20:34:55,481] INFO     (org.hibernate.Version    ): HHH000412: Hibernate ORM core version 5.6.15.Final
[2023-07-04 20:34:55,945] INFO     (org.hibernate.annotations.common.Version): HCANN000001: Hibernate Commons Annotations {5.1.2.Final}
[2023-07-04 20:34:56,279] WARN     (org.hibernate.orm.connections.pooling): HHH10001002: Using Hibernate built-in connection pool (not for production use!)
[2023-07-04 20:34:56,285] INFO     (org.hibernate.orm.connections.pooling): HHH10001005: using driver [com.mysql.jdbc.Driver] at URL [jdbc:mysql://localhost:3306/bf2stats]
[2023-07-04 20:34:56,285] INFO     (org.hibernate.orm.connections.pooling): HHH10001001: Connection properties: {password=****, user=root}
[2023-07-04 20:34:56,285] INFO     (org.hibernate.orm.connections.pooling): HHH10001003: Autocommit mode: false
[2023-07-04 20:34:56,289] INFO     (org.hibernate.engine.jdbc.connections.internal.DriverManagerConnectionProviderImpl): HHH000115: Hibernate connection pool size: 1 (min=1)
[2023-07-04 20:34:56,489] INFO     (org.hibernate.dialect.Dialect): HHH000400: Using dialect: org.hibernate.dialect.MySQLDialect
[2023-07-04 20:34:56,803] INFO     (org.hibernate.validator.internal.util.Version): HV000001: Hibernate Validator 6.0.2.Final
[2023-07-04 20:34:58,238] INFO     (lp.fx.MainApp            ): Application starting
